<?xml version="1.0" encoding="UTF-8"?>
<!-- Generated by org.testng.reporters.JUnitXMLReporter -->
<testsuite ignored="4" hostname="LTIN300109" failures="0" tests="8" name="Test" time="46.838" errors="0" timestamp="2024-03-04T17:45:12 IST">
  <testcase classname="testcases.TC001_BookShelves" name="select_bookshlves" time="4.691"/>
  <testcase classname="testcases.TC001_BookShelves" name="SelectFilters" time="9.936"/>
  <testcase classname="testcases.TC001_BookShelves" name="prntProductDetails" time="6.297"/>
  <testcase classname="testcases.TC002_Living_Submenu" name="viewLiving" time="3.153"/>
  <testcase classname="testcases.TC002_Living_Submenu" name="prntSubmenu" time="0.809"/>
  <testcase classname="testcases.TC003_GiftCards" name="ChooseBirthdayGiftCard" time="4.166"/>
  <testcase classname="testcases.TC003_GiftCards" name="NegativeTestCase" time="3.929"/>
  <testcase classname="testcases.TC003_GiftCards" name="PositiveTestCase" time="4.181"/>
  <testcase classname="testBase.BaseClass" name="@BeforeTest setup" time="0.0">
    <ignored/>
  </testcase> <!-- @BeforeTest setup -->
  <testcase classname="testBase.BaseClass" name="@BeforeTest setup" time="0.0">
    <ignored/>
  </testcase> <!-- @BeforeTest setup -->
  <testcase classname="testBase.BaseClass" name="@AfterTest tearDown" time="0.0">
    <ignored/>
  </testcase> <!-- @AfterTest tearDown -->
  <testcase classname="testBase.BaseClass" name="@AfterTest tearDown" time="0.0">
    <ignored/>
  </testcase> <!-- @AfterTest tearDown -->
</testsuite> <!-- Test -->
