<?xml version="1.0" encoding="UTF-8"?>
<testng-results ignored="0" total="8" passed="8" failed="0" skipped="0">
  <reporter-output>
  </reporter-output>
  <suite started-at="2024-03-04T17:44:24 IST" name="Suite" finished-at="2024-03-04T17:45:11 IST" duration-ms="46838">
    <groups>
      <group name="regression">
        <method signature="TC001_BookShelves.select_bookshlves()[pri:1, instance:testcases.TC001_BookShelves@117e0fe5]" name="select_bookshlves" class="testcases.TC001_BookShelves"/>
        <method signature="TC001_BookShelves.SelectFilters()[pri:2, instance:testcases.TC001_BookShelves@117e0fe5]" name="SelectFilters" class="testcases.TC001_BookShelves"/>
        <method signature="TC001_BookShelves.prntProductDetails()[pri:3, instance:testcases.TC001_BookShelves@117e0fe5]" name="prntProductDetails" class="testcases.TC001_BookShelves"/>
      </group> <!-- regression -->
      <group name="sanity">
        <method signature="TC001_BookShelves.select_bookshlves()[pri:1, instance:testcases.TC001_BookShelves@117e0fe5]" name="select_bookshlves" class="testcases.TC001_BookShelves"/>
        <method signature="TC002_Living_Submenu.viewLiving()[pri:1, instance:testcases.TC002_Living_Submenu@76a36b71]" name="viewLiving" class="testcases.TC002_Living_Submenu"/>
        <method signature="TC003_GiftCards.ChooseBirthdayGiftCard()[pri:1, instance:testcases.TC003_GiftCards@184497d1]" name="ChooseBirthdayGiftCard" class="testcases.TC003_GiftCards"/>
      </group> <!-- sanity -->
      <group name="master">
        <method signature="TC001_BookShelves.select_bookshlves()[pri:1, instance:testcases.TC001_BookShelves@117e0fe5]" name="select_bookshlves" class="testcases.TC001_BookShelves"/>
        <method signature="TC002_Living_Submenu.viewLiving()[pri:1, instance:testcases.TC002_Living_Submenu@76a36b71]" name="viewLiving" class="testcases.TC002_Living_Submenu"/>
        <method signature="TC003_GiftCards.ChooseBirthdayGiftCard()[pri:1, instance:testcases.TC003_GiftCards@184497d1]" name="ChooseBirthdayGiftCard" class="testcases.TC003_GiftCards"/>
        <method signature="TC001_BookShelves.SelectFilters()[pri:2, instance:testcases.TC001_BookShelves@117e0fe5]" name="SelectFilters" class="testcases.TC001_BookShelves"/>
        <method signature="TC002_Living_Submenu.prntSubmenu()[pri:2, instance:testcases.TC002_Living_Submenu@76a36b71]" name="prntSubmenu" class="testcases.TC002_Living_Submenu"/>
        <method signature="TC003_GiftCards.NegativeTestCase()[pri:2, instance:testcases.TC003_GiftCards@184497d1]" name="NegativeTestCase" class="testcases.TC003_GiftCards"/>
        <method signature="TC001_BookShelves.prntProductDetails()[pri:3, instance:testcases.TC001_BookShelves@117e0fe5]" name="prntProductDetails" class="testcases.TC001_BookShelves"/>
        <method signature="TC003_GiftCards.PositiveTestCase()[pri:3, instance:testcases.TC003_GiftCards@184497d1]" name="PositiveTestCase" class="testcases.TC003_GiftCards"/>
      </group> <!-- master -->
    </groups>
    <test started-at="2024-03-04T17:44:24 IST" name="Test" finished-at="2024-03-04T17:45:11 IST" duration-ms="46838">
      <class name="testcases.TC002_Living_Submenu">
        <test-method signature="viewLiving()[pri:1, instance:testcases.TC002_Living_Submenu@76a36b71]" started-at="2024-03-04T17:44:53 IST" name="viewLiving" finished-at="2024-03-04T17:44:56 IST" duration-ms="3153" status="PASS">
          <reporter-output>
          </reporter-output>
        </test-method> <!-- viewLiving -->
        <test-method signature="prntSubmenu()[pri:2, instance:testcases.TC002_Living_Submenu@76a36b71]" started-at="2024-03-04T17:44:56 IST" name="prntSubmenu" finished-at="2024-03-04T17:44:57 IST" duration-ms="809" status="PASS">
          <reporter-output>
          </reporter-output>
        </test-method> <!-- prntSubmenu -->
      </class> <!-- testcases.TC002_Living_Submenu -->
      <class name="testcases.TC001_BookShelves">
        <test-method is-config="true" signature="setup(java.lang.String,java.lang.String)[pri:0, instance:testcases.TC001_BookShelves@117e0fe5]" started-at="2024-03-04T17:44:25 IST" name="setup" finished-at="2024-03-04T17:44:31 IST" duration-ms="6357" status="PASS">
          <params>
            <param index="0">
              <value>
                <![CDATA[Windows]]>
              </value>
            </param>
            <param index="1">
              <value>
                <![CDATA[Chrome]]>
              </value>
            </param>
          </params>
          <reporter-output>
          </reporter-output>
        </test-method> <!-- setup -->
        <test-method signature="select_bookshlves()[pri:1, instance:testcases.TC001_BookShelves@117e0fe5]" started-at="2024-03-04T17:44:31 IST" name="select_bookshlves" finished-at="2024-03-04T17:44:36 IST" duration-ms="4691" status="PASS">
          <reporter-output>
          </reporter-output>
        </test-method> <!-- select_bookshlves -->
        <test-method signature="SelectFilters()[pri:2, instance:testcases.TC001_BookShelves@117e0fe5]" started-at="2024-03-04T17:44:36 IST" name="SelectFilters" finished-at="2024-03-04T17:44:46 IST" duration-ms="9936" status="PASS">
          <reporter-output>
          </reporter-output>
        </test-method> <!-- SelectFilters -->
        <test-method signature="prntProductDetails()[pri:3, instance:testcases.TC001_BookShelves@117e0fe5]" started-at="2024-03-04T17:44:46 IST" name="prntProductDetails" finished-at="2024-03-04T17:44:53 IST" duration-ms="6297" status="PASS">
          <reporter-output>
          </reporter-output>
        </test-method> <!-- prntProductDetails -->
        <test-method is-config="true" signature="tearDown()[pri:0, instance:testcases.TC001_BookShelves@117e0fe5]" started-at="2024-03-04T17:45:10 IST" name="tearDown" finished-at="2024-03-04T17:45:11 IST" duration-ms="1112" status="PASS">
          <reporter-output>
          </reporter-output>
        </test-method> <!-- tearDown -->
      </class> <!-- testcases.TC001_BookShelves -->
      <class name="testcases.TC003_GiftCards">
        <test-method signature="ChooseBirthdayGiftCard()[pri:1, instance:testcases.TC003_GiftCards@184497d1]" started-at="2024-03-04T17:44:57 IST" name="ChooseBirthdayGiftCard" finished-at="2024-03-04T17:45:01 IST" duration-ms="4166" status="PASS">
          <reporter-output>
          </reporter-output>
        </test-method> <!-- ChooseBirthdayGiftCard -->
        <test-method signature="NegativeTestCase()[pri:2, instance:testcases.TC003_GiftCards@184497d1]" started-at="2024-03-04T17:45:02 IST" name="NegativeTestCase" finished-at="2024-03-04T17:45:06 IST" duration-ms="3929" status="PASS">
          <reporter-output>
          </reporter-output>
        </test-method> <!-- NegativeTestCase -->
        <test-method signature="PositiveTestCase()[pri:3, instance:testcases.TC003_GiftCards@184497d1]" started-at="2024-03-04T17:45:06 IST" name="PositiveTestCase" finished-at="2024-03-04T17:45:10 IST" duration-ms="4181" status="PASS">
          <reporter-output>
          </reporter-output>
        </test-method> <!-- PositiveTestCase -->
      </class> <!-- testcases.TC003_GiftCards -->
    </test> <!-- Test -->
  </suite> <!-- Suite -->
</testng-results>
